2025-09-09 10:40:00 | WARN | repo=north | action=commit
2025-02-25 11:14:00 | WARN | repo=north | action=commit
2025-01-03 21:06:00 | DEBUG | repo=north | action=commit
2025-06-24 08:36:00 | WARN | repo=north | action=test | passed=true
2025-12-27 07:28:00 | INFO | repo=north | action=commit
2025-12-22 20:56:00 | WARN | repo=north | action=commit
2025-04-09 10:29:00 | INFO | repo=north | action=commit
2025-02-09 20:34:00 | INFO | repo=north | action=edit | files=1
2025-05-25 08:07:00 | DEBUG | repo=north | action=pull
2025-11-17 18:24:00 | WARN | repo=north | action=commit
2025-09-10 15:59:00 | DEBUG | repo=north | action=edit | files=3
2025-06-01 07:37:00 | DEBUG | repo=north | action=pull
2025-02-13 09:07:00 | WARN | repo=north | action=commit
2025-04-17 18:29:00 | INFO | repo=north | action=edit | files=3
2025-05-24 07:18:00 | DEBUG | repo=north | action=test | passed=true
2025-01-12 14:05:00 | WARN | repo=north | action=commit
2025-01-08 15:52:00 | WARN | repo=north | action=commit
2025-10-28 15:27:00 | INFO | repo=north | action=commit
2025-03-24 16:16:00 | WARN | repo=north | action=pull
2025-02-28 11:25:00 | DEBUG | repo=north | action=commit
2025-11-08 12:06:00 | WARN | repo=north | action=commit
2025-06-01 08:55:00 | INFO | repo=north | action=commit
2025-10-23 10:04:00 | WARN | repo=north | action=commit
2025-10-01 08:39:00 | DEBUG | repo=north | action=commit
2025-07-09 07:35:00 | DEBUG | repo=north | action=commit
2025-06-20 13:30:00 | INFO | repo=north | action=commit
2025-03-04 07:21:00 | WARN | repo=north | action=commit
2025-04-08 10:13:00 | INFO | repo=north | action=commit
2025-05-02 07:39:00 | INFO | repo=north | action=pull
2025-05-27 12:27:00 | DEBUG | repo=north | action=pull
2025-10-12 11:37:00 | WARN | repo=north | action=commit
2025-12-28 09:43:00 | INFO | repo=north | action=commit
2025-04-18 08:19:00 | DEBUG | repo=north | action=commit
2025-08-27 21:29:00 | INFO | repo=north | action=commit
2025-04-20 18:26:00 | WARN | repo=north | action=test | passed=true
2025-11-19 21:53:00 | DEBUG | repo=north | action=commit
2025-12-27 07:00:00 | INFO | repo=north | action=edit | files=5
2025-03-15 15:28:00 | INFO | repo=north | action=commit
2025-09-21 13:56:00 | DEBUG | repo=north | action=commit
2025-01-09 19:18:00 | WARN | repo=north | action=commit
2025-07-06 19:51:00 | DEBUG | repo=north | action=commit
2025-05-06 11:06:00 | WARN | repo=north | action=edit | files=2
2025-08-28 10:51:00 | WARN | repo=north | action=test | passed=true
2025-05-19 19:01:00 | DEBUG | repo=north | action=commit
2025-12-14 08:10:00 | WARN | repo=north | action=commit
2025-05-10 11:47:00 | WARN | repo=north | action=commit
2025-08-08 20:10:00 | DEBUG | repo=north | action=commit
2025-11-23 17:44:00 | DEBUG | repo=north | action=pull
2025-01-12 09:32:00 | DEBUG | repo=north | action=commit
2025-02-17 16:16:00 | DEBUG | repo=north | action=commit
2025-08-21 20:10:00 | INFO | repo=north | action=commit
2025-09-11 07:37:00 | INFO | repo=north | action=commit
2025-11-24 18:30:00 | DEBUG | repo=north | action=pull
2025-09-14 21:30:00 | DEBUG | repo=north | action=commit
2025-08-05 10:57:00 | DEBUG | repo=north | action=commit
2025-06-21 20:19:00 | INFO | repo=north | action=commit
2025-04-11 18:16:00 | DEBUG | repo=north | action=commit
2025-10-11 14:31:00 | WARN | repo=north | action=commit
2025-10-10 08:02:00 | WARN | repo=north | action=edit | files=4
2025-06-27 07:06:00 | DEBUG | repo=north | action=commit
2025-10-22 08:01:00 | WARN | repo=north | action=test | passed=true
2025-04-21 08:40:00 | DEBUG | repo=north | action=commit
2025-04-04 09:59:00 | INFO | repo=north | action=commit
2025-09-18 20:36:00 | WARN | repo=north | action=commit
2025-01-14 09:53:00 | INFO | repo=north | action=commit
2025-03-21 12:48:00 | WARN | repo=north | action=commit
2025-11-13 10:17:00 | INFO | repo=north | action=pull
2025-05-18 16:03:00 | INFO | repo=north | action=test | passed=true
2025-04-07 15:08:00 | WARN | repo=north | action=commit
2025-07-09 20:44:00 | DEBUG | repo=north | action=commit
2025-05-04 08:46:00 | INFO | repo=north | action=test | passed=true
2025-08-28 13:35:00 | WARN | repo=north | action=commit
2025-04-01 13:42:00 | WARN | repo=north | action=commit
2025-05-07 07:50:00 | WARN | repo=north | action=test | passed=true
2025-03-23 18:51:00 | WARN | repo=north | action=commit
2025-09-27 13:59:00 | WARN | repo=north | action=commit
